<?xml version="1.0" encoding="UTF-8"?>
<!-- Generated by org.testng.reporters.JUnitReportReporter -->
<testsuite hostname="Amit" failures="0" tests="4" name="testcases.RegisterTestCases" time="7.590" errors="0" timestamp="2023-11-26T21:09:04 IST" skipped="0">
  <testcase classname="testcases.RegisterTestCases" name="verifyRegistrationWithInValidData" time="0.629"/>
  <system-out/>
  <testcase classname="testcases.RegisterTestCases" name="verifyRegistrationWithValidData" time="1.733"/>
  <system-out/>
  <testcase classname="testcases.RegisterTestCases" name="verifyRegistrationWithBlankData" time="4.086"/>
  <system-out/>
  <testcase classname="testcases.RegisterTestCases" name="verifyRegistrationWithExistingData" time="1.142"/>
  <system-out/>
</testsuite> <!-- testcases.RegisterTestCases -->
