<?xml version="1.0" encoding="UTF-8"?>
<!-- Generated by org.testng.reporters.JUnitReportReporter -->
<testsuite hostname="Amit" failures="0" tests="2" name="testcases.LoginTestCases" time="12.078" errors="0" timestamp="2023-11-26T21:09:04 IST" skipped="0">
  <testcase classname="testcases.LoginTestCases" name="verifyLoginWithInvalidData" time="10.004"/>
  <system-out/>
  <testcase classname="testcases.LoginTestCases" name="verifyLoginWithValidData" time="2.074"/>
  <system-out/>
</testsuite> <!-- testcases.LoginTestCases -->
